<?xml version="1.0" encoding="UTF-8"?>
<testng-results skipped="0" failed="0" ignored="0" total="3" passed="3">
  <reporter-output>
  </reporter-output>
  <suite name="Suite" duration-ms="29286" started-at="2019-06-30T15:23:12Z" finished-at="2019-06-30T15:23:41Z">
    <groups>
    </groups>
    <test name="Test" duration-ms="29286" started-at="2019-06-30T15:23:12Z" finished-at="2019-06-30T15:23:41Z">
      <class name="testcases.TC_002">
        <test-method status="PASS" signature="testCase2()[pri:0, instance:testcases.TC_002@79b4d0f]" name="testCase2" duration-ms="9227" started-at="2019-06-30T15:23:22Z" finished-at="2019-06-30T15:23:32Z">
          <reporter-output>
          </reporter-output>
        </test-method> <!-- testCase2 -->
      </class> <!-- testcases.TC_002 -->
      <class name="testcases.TC_001">
        <test-method status="PASS" signature="testCase1()[pri:0, instance:testcases.TC_001@3fb6a447]" name="testCase1" duration-ms="10508" started-at="2019-06-30T15:23:12Z" finished-at="2019-06-30T15:23:22Z">
          <reporter-output>
          </reporter-output>
        </test-method> <!-- testCase1 -->
      </class> <!-- testcases.TC_001 -->
      <class name="testcases.TC_003">
        <test-method status="PASS" signature="testCase3()[pri:0, instance:testcases.TC_003@6b2fad11]" name="testCase3" duration-ms="9524" started-at="2019-06-30T15:23:32Z" finished-at="2019-06-30T15:23:41Z">
          <reporter-output>
          </reporter-output>
        </test-method> <!-- testCase3 -->
      </class> <!-- testcases.TC_003 -->
    </test> <!-- Test -->
  </suite> <!-- Suite -->
</testng-results>
