<?xml version="1.0" encoding="UTF-8"?>
<testng-results skipped="0" failed="0" ignored="0" total="1" passed="1">
  <reporter-output>
  </reporter-output>
  <suite name="Default suite" duration-ms="10485" started-at="2019-06-29T20:15:06Z" finished-at="2019-06-29T20:15:16Z">
    <groups>
    </groups>
    <test name="Default test" duration-ms="10485" started-at="2019-06-29T20:15:06Z" finished-at="2019-06-29T20:15:16Z">
      <class name="testcases.TC_001">
        <test-method status="PASS" signature="testCase1()[pri:0, instance:testcases.TC_001@c038203]" name="testCase1" duration-ms="10460" started-at="2019-06-29T20:15:06Z" finished-at="2019-06-29T20:15:16Z">
          <reporter-output>
          </reporter-output>
        </test-method> <!-- testCase1 -->
      </class> <!-- testcases.TC_001 -->
    </test> <!-- Default test -->
  </suite> <!-- Default suite -->
</testng-results>
